# JRE version: Java(TM) SE Runtime Environment (9.0+11) (build 9.0.4+11)
# Java VM: Java HotSpot(TM) 64-Bit Server VM (9.0.4+11, mixed mode, tiered, compressed oops, g1 gc, windows-amd64)
Heap:
 garbage-first heap   total 423936K, used 154590K [0x0000000700000000, 0x0000000700100cf0, 0x00000007c0000000)
  region size 1024K, 21 young (21504K), 1 survivors (1024K)
 Metaspace       used 99999K, capacity 102380K, committed 110896K, reserved 1144832K
  class space    used 13902K, capacity 14370K, committed 16176K, reserved 1048576K
GC Heap History (10 events):
Event: 4169.087 GC heap before
{Heap before GC invocations=779 (full 49):
 garbage-first heap   total 423936K, used 195468K [0x0000000700000000, 0x0000000700100cf0, 0x00000007c0000000)
  region size 1024K, 60 young (61440K), 1 survivors (1024K)
 Metaspace       used 99986K, capacity 102368K, committed 110896K, reserved 1144832K
  class space    used 13899K, capacity 14368K, committed 16176K, reserved 1048576K
}
Event: 4169.089 GC heap after
{Heap after GC invocations=780 (full 49):
 garbage-first heap   total 423936K, used 135042K [0x0000000700000000, 0x0000000700100cf0, 0x00000007c0000000)
  region size 1024K, 1 young (1024K), 1 survivors (1024K)
 Metaspace       used 99986K, capacity 102368K, committed 110896K, reserved 1144832K
  class space    used 13899K, capacity 14368K, committed 16176K, reserved 1048576K
}
Event: 4171.432 GC heap before
{Heap before GC invocations=780 (full 49):
 garbage-first heap   total 423936K, used 195458K [0x0000000700000000, 0x0000000700100cf0, 0x00000007c0000000)
  region size 1024K, 60 young (61440K), 1 survivors (1024K)
 Metaspace       used 99986K, capacity 102368K, committed 110896K, reserved 1144832K
  class space    used 13899K, capacity 14368K, committed 16176K, reserved 1048576K
}
Event: 4171.434 GC heap after
{Heap after GC invocations=781 (full 49):
 garbage-first heap   total 423936K, used 135003K [0x0000000700000000, 0x0000000700100cf0, 0x00000007c0000000)
  region size 1024K, 1 young (1024K), 1 survivors (1024K)
 Metaspace       used 99986K, capacity 102368K, committed 110896K, reserved 1144832K
  class space    used 13899K, capacity 14368K, committed 16176K, reserved 1048576K
}
Event: 4172.651 GC heap before
{Heap before GC invocations=781 (full 49):
 garbage-first heap   total 423936K, used 195419K [0x0000000700000000, 0x0000000700100cf0, 0x00000007c0000000)
  region size 1024K, 60 young (61440K), 1 survivors (1024K)
 Metaspace       used 99988K, capacity 102368K, committed 110896K, reserved 1144832K
  class space    used 13899K, capacity 14368K, committed 16176K, reserved 1048576K
}
Event: 4172.652 GC heap after
{Heap after GC invocations=782 (full 49):
 garbage-first heap   total 423936K, used 135000K [0x0000000700000000, 0x0000000700100cf0, 0x00000007c0000000)
  region size 1024K, 1 young (1024K), 1 survivors (1024K)
 Metaspace       used 99988K, capacity 102368K, committed 110896K, reserved 1144832K
  class space    used 13899K, capacity 14368K, committed 16176K, reserved 1048576K
}
Event: 4193.806 GC heap before
{Heap before GC invocations=782 (full 49):
 garbage-first heap   total 423936K, used 195416K [0x0000000700000000, 0x0000000700100cf0, 0x00000007c0000000)
  region size 1024K, 60 young (61440K), 1 survivors (1024K)
 Metaspace       used 99989K, capacity 102368K, committed 110896K, reserved 1144832K
  class space    used 13899K, capacity 14368K, committed 16176K, reserved 1048576K
}
Event: 4193.808 GC heap after
{Heap after GC invocations=783 (full 49):
 garbage-first heap   total 423936K, used 135206K [0x0000000700000000, 0x0000000700100cf0, 0x00000007c0000000)
  region size 1024K, 1 young (1024K), 1 survivors (1024K)
 Metaspace       used 99989K, capacity 102368K, committed 110896K, reserved 1144832K
  class space    used 13899K, capacity 14368K, committed 16176K, reserved 1048576K
}
Event: 4193.912 GC heap before
{Heap before GC invocations=783 (full 49):
 garbage-first heap   total 423936K, used 195622K [0x0000000700000000, 0x0000000700100cf0, 0x00000007c0000000)
  region size 1024K, 60 young (61440K), 1 survivors (1024K)
 Metaspace       used 99989K, capacity 102368K, committed 110896K, reserved 1144832K
  class space    used 13899K, capacity 14368K, committed 16176K, reserved 1048576K
}
Event: 4193.914 GC heap after
{Heap after GC invocations=784 (full 49):
 garbage-first heap   total 423936K, used 135134K [0x0000000700000000, 0x0000000700100cf0, 0x00000007c0000000)
  region size 1024K, 1 young (1024K), 1 survivors (1024K)
 Metaspace       used 99989K, capacity 102368K, committed 110896K, reserved 1144832K
  class space    used 13899K, capacity 14368K, committed 16176K, reserved 1048576K
}

